{"/Users/arnaud-huc/Sites/jcc/front/src/canvas/cards/buildCard.ts": {"path":"/Users/arnaud-huc/Sites/jcc/front/src/canvas/cards/buildCard.ts","statementMap":{"0":{"start":{"line":2,"column":0},"end":{"line":2,"column":36}},"1":{"start":{"line":3,"column":0},"end":{"line":3,"column":26}},"2":{"start":{"line":5,"column":18},"end":{"line":5,"column":21}},"3":{"start":{"line":6,"column":19},"end":{"line":6,"column":22}},"4":{"start":{"line":8,"column":34},"end":{"line":11,"column":2}},"5":{"start":{"line":14,"column":21},"end":{"line":14,"column":22}},"6":{"start":{"line":16,"column":2},"end":{"line":18,"column":null}},"7":{"start":{"line":17,"column":4},"end":{"line":17,"column":56}},"8":{"start":{"line":20,"column":2},"end":{"line":21,"column":70}},"9":{"start":{"line":22,"column":2},"end":{"line":22,"column":22}},"10":{"start":{"line":13,"column":0},"end":{"line":13,"column":16}},"11":{"start":{"line":26,"column":10},"end":{"line":26,"column":25}},"12":{"start":{"line":27,"column":21},"end":{"line":27,"column":23}},"13":{"start":{"line":28,"column":26},"end":{"line":28,"column":40}},"14":{"start":{"line":29,"column":27},"end":{"line":29,"column":48}},"15":{"start":{"line":30,"column":23},"end":{"line":30,"column":46}},"16":{"start":{"line":31,"column":17},"end":{"line":31,"column":38}},"17":{"start":{"line":32,"column":19},"end":{"line":32,"column":47}},"18":{"start":{"line":33,"column":46},"end":{"line":41,"column":4}},"19":{"start":{"line":42,"column":30},"end":{"line":42,"column":50}},"20":{"start":{"line":43,"column":31},"end":{"line":43,"column":33}},"21":{"start":{"line":45,"column":16},"end":{"line":45,"column":33}},"22":{"start":{"line":46,"column":16},"end":{"line":48,"column":4}},"23":{"start":{"line":50,"column":25},"end":{"line":58,"column":4}},"24":{"start":{"line":59,"column":2},"end":{"line":59,"column":28}},"25":{"start":{"line":61,"column":20},"end":{"line":68,"column":4}},"26":{"start":{"line":69,"column":2},"end":{"line":69,"column":23}},"27":{"start":{"line":71,"column":19},"end":{"line":79,"column":4}},"28":{"start":{"line":80,"column":2},"end":{"line":80,"column":22}},"29":{"start":{"line":82,"column":19},"end":{"line":90,"column":4}},"30":{"start":{"line":91,"column":2},"end":{"line":91,"column":22}},"31":{"start":{"line":93,"column":30},"end":{"line":101,"column":4}},"32":{"start":{"line":103,"column":2},"end":{"line":103,"column":33}},"33":{"start":{"line":105,"column":20},"end":{"line":114,"column":4}},"34":{"start":{"line":115,"column":2},"end":{"line":115,"column":23}},"35":{"start":{"line":117,"column":2},"end":{"line":119,"column":5}},"36":{"start":{"line":118,"column":4},"end":{"line":118,"column":43}},"37":{"start":{"line":120,"column":2},"end":{"line":122,"column":5}},"38":{"start":{"line":121,"column":4},"end":{"line":121,"column":43}},"39":{"start":{"line":124,"column":2},"end":{"line":124,"column":19}},"40":{"start":{"line":125,"column":2},"end":{"line":125,"column":28}},"41":{"start":{"line":25,"column":0},"end":{"line":25,"column":16}}},"fnMap":{"0":{"name":"calcCardPosition","decl":{"start":{"line":13,"column":16},"end":{"line":13,"column":32}},"loc":{"start":{"line":13,"column":46},"end":{"line":23,"column":1}}},"1":{"name":"buildCard","decl":{"start":{"line":25,"column":16},"end":{"line":25,"column":25}},"loc":{"start":{"line":25,"column":52},"end":{"line":126,"column":1}}},"2":{"name":"(anonymous_3)","decl":{"start":{"line":117,"column":24},"end":{"line":117,"column":null}},"loc":{"start":{"line":117,"column":24},"end":{"line":119,"column":3}}},"3":{"name":"(anonymous_4)","decl":{"start":{"line":120,"column":23},"end":{"line":120,"column":null}},"loc":{"start":{"line":120,"column":23},"end":{"line":122,"column":3}}}},"branchMap":{"0":{"loc":{"start":{"line":16,"column":2},"end":{"line":18,"column":null}},"type":"if","locations":[{"start":{"line":16,"column":2},"end":{"line":18,"column":null}},{"start":{"line":16,"column":2},"end":{"line":18,"column":null}}]},"1":{"loc":{"start":{"line":16,"column":6},"end":{"line":16,"column":17}},"type":"binary-expr","locations":[{"start":{"line":16,"column":6},"end":{"line":16,"column":17}},{"start":{"line":16,"column":21},"end":{"line":16,"column":45}}]},"2":{"loc":{"start":{"line":86,"column":35},"end":{"line":86,"column":57}},"type":"cond-expr","locations":[{"start":{"line":86,"column":35},"end":{"line":86,"column":57}},{"start":{"line":86,"column":60},"end":{"line":86,"column":62}}]}},"s":{"0":3,"1":3,"2":3,"3":3,"4":3,"5":4,"6":4,"7":2,"8":4,"9":4,"10":3,"11":0,"12":0,"13":0,"14":0,"15":0,"16":0,"17":0,"18":0,"19":0,"20":0,"21":0,"22":0,"23":0,"24":0,"25":0,"26":0,"27":0,"28":0,"29":0,"30":0,"31":0,"32":0,"33":0,"34":0,"35":0,"36":0,"37":0,"38":0,"39":0,"40":0,"41":3},"f":{"0":4,"1":0,"2":0,"3":0},"b":{"0":[2,2],"1":[4,3],"2":[0,0]}}
,"/Users/arnaud-huc/Sites/jcc/front/src/canvas/cards/displayCardCost.ts": {"path":"/Users/arnaud-huc/Sites/jcc/front/src/canvas/cards/displayCardCost.ts","statementMap":{"0":{"start":{"line":4,"column":20},"end":{"line":4,"column":22}},"1":{"start":{"line":6,"column":2},"end":{"line":11,"column":null}},"2":{"start":{"line":7,"column":4},"end":{"line":10,"column":7}},"3":{"start":{"line":12,"column":2},"end":{"line":17,"column":null}},"4":{"start":{"line":13,"column":4},"end":{"line":16,"column":7}},"5":{"start":{"line":18,"column":2},"end":{"line":23,"column":null}},"6":{"start":{"line":19,"column":4},"end":{"line":22,"column":7}},"7":{"start":{"line":24,"column":2},"end":{"line":29,"column":null}},"8":{"start":{"line":25,"column":4},"end":{"line":28,"column":7}},"9":{"start":{"line":30,"column":2},"end":{"line":35,"column":null}},"10":{"start":{"line":31,"column":4},"end":{"line":34,"column":7}},"11":{"start":{"line":36,"column":2},"end":{"line":41,"column":null}},"12":{"start":{"line":37,"column":4},"end":{"line":40,"column":7}},"13":{"start":{"line":42,"column":2},"end":{"line":47,"column":null}},"14":{"start":{"line":43,"column":4},"end":{"line":46,"column":7}},"15":{"start":{"line":49,"column":2},"end":{"line":49,"column":21}},"16":{"start":{"line":3,"column":0},"end":{"line":3,"column":16}}},"fnMap":{"0":{"name":"displayCardCost","decl":{"start":{"line":3,"column":16},"end":{"line":3,"column":31}},"loc":{"start":{"line":3,"column":45},"end":{"line":50,"column":1}}}},"branchMap":{"0":{"loc":{"start":{"line":6,"column":2},"end":{"line":11,"column":null}},"type":"if","locations":[{"start":{"line":6,"column":2},"end":{"line":11,"column":null}},{"start":{"line":6,"column":2},"end":{"line":11,"column":null}}]},"1":{"loc":{"start":{"line":12,"column":2},"end":{"line":17,"column":null}},"type":"if","locations":[{"start":{"line":12,"column":2},"end":{"line":17,"column":null}},{"start":{"line":12,"column":2},"end":{"line":17,"column":null}}]},"2":{"loc":{"start":{"line":18,"column":2},"end":{"line":23,"column":null}},"type":"if","locations":[{"start":{"line":18,"column":2},"end":{"line":23,"column":null}},{"start":{"line":18,"column":2},"end":{"line":23,"column":null}}]},"3":{"loc":{"start":{"line":24,"column":2},"end":{"line":29,"column":null}},"type":"if","locations":[{"start":{"line":24,"column":2},"end":{"line":29,"column":null}},{"start":{"line":24,"column":2},"end":{"line":29,"column":null}}]},"4":{"loc":{"start":{"line":30,"column":2},"end":{"line":35,"column":null}},"type":"if","locations":[{"start":{"line":30,"column":2},"end":{"line":35,"column":null}},{"start":{"line":30,"column":2},"end":{"line":35,"column":null}}]},"5":{"loc":{"start":{"line":36,"column":2},"end":{"line":41,"column":null}},"type":"if","locations":[{"start":{"line":36,"column":2},"end":{"line":41,"column":null}},{"start":{"line":36,"column":2},"end":{"line":41,"column":null}}]},"6":{"loc":{"start":{"line":42,"column":2},"end":{"line":47,"column":null}},"type":"if","locations":[{"start":{"line":42,"column":2},"end":{"line":47,"column":null}},{"start":{"line":42,"column":2},"end":{"line":47,"column":null}}]}},"s":{"0":5,"1":5,"2":5,"3":5,"4":1,"5":5,"6":1,"7":5,"8":1,"9":5,"10":1,"11":5,"12":1,"13":5,"14":2,"15":5,"16":2},"f":{"0":5},"b":{"0":[5,0],"1":[1,4],"2":[1,4],"3":[1,4],"4":[1,4],"5":[1,4],"6":[2,3]}}
}
