{"/Users/arnaud-huc/Sites/jcc/front/src/canvas/cards/buildCard.ts": {"path":"/Users/arnaud-huc/Sites/jcc/front/src/canvas/cards/buildCard.ts","statementMap":{"0":{"start":{"line":2,"column":0},"end":{"line":2,"column":36}},"1":{"start":{"line":3,"column":0},"end":{"line":3,"column":26}},"2":{"start":{"line":4,"column":0},"end":{"line":4,"column":42}},"3":{"start":{"line":6,"column":18},"end":{"line":6,"column":21}},"4":{"start":{"line":7,"column":19},"end":{"line":7,"column":22}},"5":{"start":{"line":9,"column":34},"end":{"line":12,"column":2}},"6":{"start":{"line":15,"column":32},"end":{"line":15,"column":34}},"7":{"start":{"line":16,"column":38},"end":{"line":16,"column":40}},"8":{"start":{"line":18,"column":2},"end":{"line":28,"column":5}},"9":{"start":{"line":19,"column":12},"end":{"line":19,"column":13}},"10":{"start":{"line":20,"column":4},"end":{"line":27,"column":null}},"11":{"start":{"line":21,"column":6},"end":{"line":24,"column":null}},"12":{"start":{"line":22,"column":8},"end":{"line":22,"column":30}},"13":{"start":{"line":23,"column":8},"end":{"line":23,"column":12}},"14":{"start":{"line":26,"column":6},"end":{"line":26,"column":36}},"15":{"start":{"line":30,"column":2},"end":{"line":30,"column":26}},"16":{"start":{"line":32,"column":2},"end":{"line":32,"column":16}},"17":{"start":{"line":36,"column":19},"end":{"line":36,"column":40}},"18":{"start":{"line":38,"column":2},"end":{"line":38,"column":28}},"19":{"start":{"line":42,"column":21},"end":{"line":42,"column":22}},"20":{"start":{"line":44,"column":2},"end":{"line":46,"column":null}},"21":{"start":{"line":45,"column":4},"end":{"line":45,"column":56}},"22":{"start":{"line":48,"column":2},"end":{"line":49,"column":70}},"23":{"start":{"line":50,"column":2},"end":{"line":50,"column":22}},"24":{"start":{"line":41,"column":0},"end":{"line":41,"column":16}},"25":{"start":{"line":54,"column":10},"end":{"line":54,"column":25}},"26":{"start":{"line":55,"column":21},"end":{"line":55,"column":23}},"27":{"start":{"line":56,"column":26},"end":{"line":56,"column":40}},"28":{"start":{"line":57,"column":27},"end":{"line":57,"column":48}},"29":{"start":{"line":58,"column":23},"end":{"line":58,"column":46}},"30":{"start":{"line":59,"column":17},"end":{"line":59,"column":38}},"31":{"start":{"line":60,"column":19},"end":{"line":60,"column":47}},"32":{"start":{"line":61,"column":46},"end":{"line":69,"column":4}},"33":{"start":{"line":70,"column":30},"end":{"line":70,"column":50}},"34":{"start":{"line":71,"column":31},"end":{"line":71,"column":33}},"35":{"start":{"line":73,"column":16},"end":{"line":73,"column":33}},"36":{"start":{"line":74,"column":16},"end":{"line":76,"column":4}},"37":{"start":{"line":78,"column":25},"end":{"line":86,"column":4}},"38":{"start":{"line":87,"column":2},"end":{"line":87,"column":28}},"39":{"start":{"line":89,"column":20},"end":{"line":96,"column":4}},"40":{"start":{"line":97,"column":2},"end":{"line":97,"column":23}},"41":{"start":{"line":99,"column":19},"end":{"line":107,"column":4}},"42":{"start":{"line":108,"column":2},"end":{"line":108,"column":22}},"43":{"start":{"line":110,"column":23},"end":{"line":110,"column":41}},"44":{"start":{"line":112,"column":19},"end":{"line":121,"column":4}},"45":{"start":{"line":122,"column":2},"end":{"line":122,"column":22}},"46":{"start":{"line":124,"column":19},"end":{"line":132,"column":4}},"47":{"start":{"line":133,"column":2},"end":{"line":133,"column":22}},"48":{"start":{"line":135,"column":30},"end":{"line":143,"column":4}},"49":{"start":{"line":145,"column":2},"end":{"line":145,"column":33}},"50":{"start":{"line":147,"column":20},"end":{"line":156,"column":4}},"51":{"start":{"line":157,"column":2},"end":{"line":157,"column":23}},"52":{"start":{"line":159,"column":2},"end":{"line":161,"column":5}},"53":{"start":{"line":160,"column":4},"end":{"line":160,"column":43}},"54":{"start":{"line":162,"column":2},"end":{"line":164,"column":5}},"55":{"start":{"line":163,"column":4},"end":{"line":163,"column":43}},"56":{"start":{"line":166,"column":2},"end":{"line":166,"column":19}},"57":{"start":{"line":167,"column":2},"end":{"line":167,"column":28}},"58":{"start":{"line":53,"column":0},"end":{"line":53,"column":16}}},"fnMap":{"0":{"name":"calcCost","decl":{"start":{"line":14,"column":9},"end":{"line":14,"column":17}},"loc":{"start":{"line":14,"column":27},"end":{"line":33,"column":1}}},"1":{"name":"(anonymous_2)","decl":{"start":{"line":18,"column":15},"end":{"line":18,"column":16}},"loc":{"start":{"line":18,"column":25},"end":{"line":28,"column":3}}},"2":{"name":"calcCardCost","decl":{"start":{"line":35,"column":9},"end":{"line":35,"column":21}},"loc":{"start":{"line":35,"column":33},"end":{"line":39,"column":1}}},"3":{"name":"calcCardPosition","decl":{"start":{"line":41,"column":16},"end":{"line":41,"column":32}},"loc":{"start":{"line":41,"column":46},"end":{"line":51,"column":1}}},"4":{"name":"buildCard","decl":{"start":{"line":53,"column":16},"end":{"line":53,"column":25}},"loc":{"start":{"line":53,"column":52},"end":{"line":168,"column":1}}},"5":{"name":"(anonymous_6)","decl":{"start":{"line":159,"column":24},"end":{"line":159,"column":null}},"loc":{"start":{"line":159,"column":24},"end":{"line":161,"column":3}}},"6":{"name":"(anonymous_7)","decl":{"start":{"line":162,"column":23},"end":{"line":162,"column":null}},"loc":{"start":{"line":162,"column":23},"end":{"line":164,"column":3}}}},"branchMap":{"0":{"loc":{"start":{"line":20,"column":4},"end":{"line":27,"column":null}},"type":"if","locations":[{"start":{"line":20,"column":4},"end":{"line":27,"column":null}},{"start":{"line":20,"column":4},"end":{"line":27,"column":null}}]},"1":{"loc":{"start":{"line":44,"column":2},"end":{"line":46,"column":null}},"type":"if","locations":[{"start":{"line":44,"column":2},"end":{"line":46,"column":null}},{"start":{"line":44,"column":2},"end":{"line":46,"column":null}}]},"2":{"loc":{"start":{"line":44,"column":6},"end":{"line":44,"column":17}},"type":"binary-expr","locations":[{"start":{"line":44,"column":6},"end":{"line":44,"column":17}},{"start":{"line":44,"column":21},"end":{"line":44,"column":45}}]},"3":{"loc":{"start":{"line":128,"column":35},"end":{"line":128,"column":57}},"type":"cond-expr","locations":[{"start":{"line":128,"column":35},"end":{"line":128,"column":57}},{"start":{"line":128,"column":60},"end":{"line":128,"column":62}}]}},"s":{"0":3,"1":3,"2":3,"3":3,"4":3,"5":3,"6":0,"7":0,"8":0,"9":0,"10":0,"11":0,"12":0,"13":0,"14":0,"15":0,"16":0,"17":0,"18":0,"19":4,"20":4,"21":2,"22":4,"23":4,"24":3,"25":0,"26":0,"27":0,"28":0,"29":0,"30":0,"31":0,"32":0,"33":0,"34":0,"35":0,"36":0,"37":0,"38":0,"39":0,"40":0,"41":0,"42":0,"43":0,"44":0,"45":0,"46":0,"47":0,"48":0,"49":0,"50":0,"51":0,"52":0,"53":0,"54":0,"55":0,"56":0,"57":0,"58":3},"f":{"0":0,"1":0,"2":0,"3":4,"4":0,"5":0,"6":0},"b":{"0":[0,0],"1":[2,2],"2":[4,3],"3":[0,0]}}
}
