TN:
SF:/Users/arnaud-huc/Sites/jcc/front/src/actions/buttons/buttons.ts
FN:3,(anonymous_0)
FN:8,(anonymous_1)
FNF:2
FNH:2
FNDA:1,(anonymous_0)
FNDA:1,(anonymous_1)
DA:1,1
DA:3,1
DA:5,1
DA:8,1
DA:9,1
DA:13,1
LF:6
LH:6
BRF:0
BRH:0
end_of_record
TN:
SF:/Users/arnaud-huc/Sites/jcc/front/src/canvas/cards/buildCard.ts
FN:14,calcCost
FN:17,(anonymous_2)
FN:32,calcCardCost
FN:38,calcCardPosition
FN:50,buildCard
FN:197,(anonymous_6)
FN:200,(anonymous_7)
FNF:7
FNH:1
FNDA:0,calcCost
FNDA:0,(anonymous_2)
FNDA:0,calcCardCost
FNDA:4,calcCardPosition
FNDA:0,buildCard
FNDA:0,(anonymous_6)
FNDA:0,(anonymous_7)
DA:2,3
DA:3,3
DA:4,3
DA:6,3
DA:7,3
DA:9,3
DA:15,0
DA:17,0
DA:18,0
DA:19,0
DA:20,0
DA:21,0
DA:22,0
DA:25,0
DA:29,0
DA:33,0
DA:35,0
DA:38,3
DA:39,4
DA:41,4
DA:42,2
DA:45,4
DA:47,4
DA:50,3
DA:51,0
DA:52,0
DA:53,0
DA:54,0
DA:55,0
DA:56,0
DA:57,0
DA:58,0
DA:67,0
DA:68,0
DA:70,0
DA:71,0
DA:75,0
DA:84,0
DA:86,0
DA:88,0
DA:90,0
DA:99,0
DA:101,0
DA:110,0
DA:112,0
DA:114,0
DA:124,0
DA:126,0
DA:135,0
DA:137,0
DA:147,0
DA:149,0
DA:159,0
DA:161,0
DA:171,0
DA:173,0
DA:183,0
DA:185,0
DA:195,0
DA:197,0
DA:198,0
DA:200,0
DA:201,0
DA:204,0
DA:205,0
LF:65
LH:13
BRDA:19,0,0,0
BRDA:19,0,1,0
BRDA:41,1,0,2
BRDA:41,1,1,2
BRDA:41,2,0,4
BRDA:41,2,1,3
BRDA:130,3,0,0
BRDA:130,3,1,0
BRF:8
BRH:4
end_of_record
TN:
SF:/Users/arnaud-huc/Sites/jcc/front/src/canvas/cards/displayAllCards.ts
FN:5,getAllCards
FN:9,displayCards
FN:12,(anonymous_19)
FNF:3
FNH:0
FNDA:0,getAllCards
FNDA:0,displayCards
FNDA:0,(anonymous_19)
DA:1,3
DA:3,3
DA:6,0
DA:9,3
DA:10,0
DA:12,0
DA:13,0
LF:7
LH:3
BRDA:6,0,0,0
BRDA:6,0,1,0
BRDA:10,1,0,0
BRF:3
BRH:0
end_of_record
TN:
SF:/Users/arnaud-huc/Sites/jcc/front/src/canvas/cards/displayCardCost.ts
FN:18,displayCardCost
FN:19,(anonymous_1)
FNF:2
FNH:2
FNDA:5,displayCardCost
FNDA:35,(anonymous_1)
DA:1,3
DA:3,3
DA:18,3
DA:19,35
DA:20,35
DA:23,12
DA:25,35
LF:7
LH:7
BRDA:20,0,0,12
BRDA:20,0,1,23
BRF:2
BRH:2
end_of_record
TN:
SF:/Users/arnaud-huc/Sites/jcc/front/src/canvas/cards/index.ts
FNF:0
FNH:0
DA:1,3
DA:2,3
LF:2
LH:2
BRF:0
BRH:0
end_of_record
TN:
SF:/Users/arnaud-huc/Sites/jcc/front/src/interfaces/card.ts
FN:1,(anonymous_0)
FNF:1
FNH:1
FNDA:3,(anonymous_0)
DA:1,3
DA:2,3
DA:3,3
DA:4,3
DA:5,3
DA:6,3
DA:7,3
DA:8,3
LF:8
LH:8
BRDA:1,0,0,3
BRDA:1,0,1,3
BRF:2
BRH:2
end_of_record
TN:
SF:/Users/arnaud-huc/Sites/jcc/front/src/interfaces/index.ts
FNF:0
FNH:0
DA:1,3
LF:1
LH:1
BRF:0
BRH:0
end_of_record
TN:
SF:/Users/arnaud-huc/Sites/jcc/front/src/store/index.ts
FNF:0
FNH:0
DA:1,3
DA:2,3
DA:4,3
DA:6,3
LF:4
LH:4
BRF:0
BRH:0
end_of_record
TN:
SF:/Users/arnaud-huc/Sites/jcc/front/src/store/actions/canvas.actions.ts
FN:10,addCanvas
FNF:1
FNH:0
FNDA:0,addCanvas
DA:5,3
DA:10,3
DA:11,0
LF:3
LH:2
BRF:0
BRH:0
end_of_record
TN:
SF:/Users/arnaud-huc/Sites/jcc/front/src/store/actions/index.ts
FNF:0
FNH:0
DA:1,3
DA:2,3
LF:2
LH:2
BRF:0
BRH:0
end_of_record
TN:
SF:/Users/arnaud-huc/Sites/jcc/front/src/store/actions/player.actions.ts
FN:13,addPlayer
FN:17,setPlayerLife
FNF:2
FNH:0
FNDA:0,addPlayer
FNDA:0,setPlayerLife
DA:6,3
DA:7,3
DA:13,3
DA:14,0
DA:17,3
DA:18,0
LF:6
LH:4
BRF:0
BRH:0
end_of_record
TN:
SF:/Users/arnaud-huc/Sites/jcc/front/src/store/reducers/canvas.reducers.ts
FN:3,canvas
FNF:1
FNH:1
FNDA:9,canvas
DA:1,3
DA:3,18
DA:4,9
DA:6,0
DA:8,9
LF:5
LH:4
BRDA:3,0,0,9
BRDA:3,0,1,0
BRDA:5,1,0,0
BRDA:5,1,1,9
BRF:4
BRH:2
end_of_record
TN:
SF:/Users/arnaud-huc/Sites/jcc/front/src/store/reducers/index.ts
FNF:0
FNH:0
DA:1,3
DA:2,3
DA:3,3
DA:5,3
DA:10,3
LF:5
LH:5
BRF:0
BRH:0
end_of_record
TN:
SF:/Users/arnaud-huc/Sites/jcc/front/src/store/reducers/player.reducers.ts
FN:4,players
FN:15,(anonymous_2)
FNF:2
FNH:1
FNDA:9,players
FNDA:0,(anonymous_2)
DA:1,3
DA:4,18
DA:5,9
DA:7,0
DA:15,0
DA:16,0
DA:17,0
DA:21,0
DA:24,9
LF:9
LH:4
BRDA:4,0,0,9
BRDA:4,0,1,0
BRDA:6,1,0,0
BRDA:6,1,1,0
BRDA:6,1,2,9
BRDA:16,2,0,0
BRDA:16,2,1,0
BRF:7
BRH:2
end_of_record
TN:
SF:/Users/arnaud-huc/Sites/jcc/front/src/utils/getData.ts
FN:5,getDataService
FN:6,(anonymous_14)
FN:6,(anonymous_15)
FN:11,(anonymous_17)
FN:13,(anonymous_18)
FNF:5
FNH:1
FNDA:9,getDataService
FNDA:0,(anonymous_14)
FNDA:0,(anonymous_15)
FNDA:0,(anonymous_17)
FNDA:0,(anonymous_18)
DA:5,9
DA:6,9
DA:8,0
DA:11,0
DA:12,0
DA:13,0
DA:15,0
DA:20,0
DA:24,0
DA:26,0
DA:34,3
DA:35,3
DA:36,3
DA:38,3
LF:14
LH:6
BRDA:9,0,0,0
BRDA:9,0,1,0
BRDA:12,1,0,0
BRDA:12,1,1,0
BRF:4
BRH:0
end_of_record
TN:
SF:/Users/arnaud-huc/Sites/jcc/front/src/utils/index.ts
FNF:0
FNH:0
DA:1,3
LF:1
LH:1
BRF:0
BRH:0
end_of_record
