TN:
SF:/Users/arnaud-huc/Sites/jcc/front/src/canvas/cards/buildCard.ts
FN:14,calcCost
FN:18,(anonymous_2)
FN:35,calcCardCost
FN:41,calcCardPosition
FN:53,buildCard
FN:159,(anonymous_6)
FN:162,(anonymous_7)
FNF:7
FNH:1
FNDA:0,calcCost
FNDA:0,(anonymous_2)
FNDA:0,calcCardCost
FNDA:4,calcCardPosition
FNDA:0,buildCard
FNDA:0,(anonymous_6)
FNDA:0,(anonymous_7)
DA:2,3
DA:3,3
DA:4,3
DA:6,3
DA:7,3
DA:9,3
DA:15,0
DA:16,0
DA:18,0
DA:19,0
DA:20,0
DA:21,0
DA:22,0
DA:23,0
DA:26,0
DA:30,0
DA:32,0
DA:36,0
DA:38,0
DA:41,3
DA:42,4
DA:44,4
DA:45,2
DA:48,4
DA:50,4
DA:53,3
DA:54,0
DA:55,0
DA:56,0
DA:57,0
DA:58,0
DA:59,0
DA:60,0
DA:61,0
DA:70,0
DA:71,0
DA:73,0
DA:74,0
DA:78,0
DA:87,0
DA:89,0
DA:97,0
DA:99,0
DA:108,0
DA:110,0
DA:112,0
DA:122,0
DA:124,0
DA:133,0
DA:135,0
DA:145,0
DA:147,0
DA:157,0
DA:159,0
DA:160,0
DA:162,0
DA:163,0
DA:166,0
DA:167,0
LF:59
LH:13
BRDA:20,0,0,0
BRDA:20,0,1,0
BRDA:44,1,0,2
BRDA:44,1,1,2
BRDA:44,2,0,4
BRDA:44,2,1,3
BRDA:128,3,0,0
BRDA:128,3,1,0
BRF:8
BRH:4
end_of_record
